<?xml version="1.0" encoding="UTF-8"?>
<!-- Generated by org.testng.reporters.JUnitXMLReporter -->
<testsuite ignored="0" hostname="Saikethan_R" failures="1" tests="30" name="ParaBankTests" time="58.507" errors="0" timestamp="2025-09-08T10:48:46 IST">
  <testcase classname="com.parabank.tests.LoginTests" name="emptyCredentials" time="0.869"/>
  <testcase classname="com.parabank.tests.BalanceTests" name="balanceAfterDeposit" time="1.171"/>
  <testcase classname="com.parabank.tests.LoanTests" name="applyLoanDownPaymentGreaterThanAmount" time="2.962"/>
  <testcase classname="com.parabank.tests.TransactionTests" name="recentTransferAppearsInHistory" time="5.178"/>
  <testcase classname="com.parabank.tests.TransferTests" name="transferInvalidAccounts" time="1.734"/>
  <testcase classname="com.parabank.tests.LoginTests" name="invalidLoginWrongPassword" time="2.942"/>
  <testcase classname="com.parabank.tests.LoanTests" name="applyLoanEmptyFields" time="2.144"/>
  <testcase classname="com.parabank.tests.TransferTests" name="transferNegativeAmount" time="0.978"/>
  <testcase classname="com.parabank.tests.TransactionTests" name="searchByAmount" time="2.655"/>
  <testcase classname="com.parabank.tests.LoginTests" name="invalidLoginWrongUser" time="2.264"/>
  <testcase classname="com.parabank.tests.LoginTests" name="loginWithoutPassword" time="0.003">
    <failure type="java.lang.Error" message="Unresolved compilation problems: 
	lp cannot be resolved
	lp cannot be resolved
">
      <![CDATA[java.lang.Error: Unresolved compilation problems: 
lp cannot be resolved
lp cannot be resolved

at com.parabank.tests.LoginTests.loginWithoutPassword(LoginTests.java:70)
at java.base/java.util.concurrent.Executors$RunnableAdapter.call(Executors.java:572)
at java.base/java.util.concurrent.FutureTask.run(FutureTask.java:317)
at java.base/java.util.concurrent.ThreadPoolExecutor.runWorker(ThreadPoolExecutor.java:1144)
at java.base/java.util.concurrent.ThreadPoolExecutor$Worker.run(ThreadPoolExecutor.java:642)
at java.base/java.lang.Thread.run(Thread.java:1583)
... Removed 11 stack frames]]>
    </failure>
  </testcase> <!-- loginWithoutPassword -->
  <testcase classname="com.parabank.tests.LoanTests" name="applyLoanExceedingBalance" time="3.282"/>
  <testcase classname="com.parabank.tests.TransactionTests" name="searchByDate" time="2.805"/>
  <testcase classname="com.parabank.tests.TransferTests" name="transferParameterized" time="2.159"/>
  <testcase classname="com.parabank.tests.LoginTests" name="loginWithoutUsername" time="1.174"/>
  <testcase classname="com.parabank.tests.LoanTests" name="applyLoanInvalidInput" time="2.006"/>
  <testcase classname="com.parabank.tests.LoginTests" name="logoutAfterLogin" time="2.067"/>
  <testcase classname="com.parabank.tests.TransferTests" name="transferParameterized" time="1.211"/>
  <testcase classname="com.parabank.tests.LoanTests" name="applyLoanMultipleLoansLimit" time="3.216"/>
  <testcase classname="com.parabank.tests.LoginTests" name="multipleInvalidAttempts" time="4.561"/>
  <testcase classname="com.parabank.tests.TransferTests" name="transferParameterized" time="1.1"/>
  <testcase classname="com.parabank.tests.LoanTests" name="applyLoanZeroDownPayment" time="2.329"/>
  <testcase classname="com.parabank.tests.LoginTests" name="validLogin" time="2.88"/>
  <testcase classname="com.parabank.tests.TransferTests" name="transferParameterized" time="1.367"/>
  <testcase classname="com.parabank.tests.LoanTests" name="applyMaximumLoanAmount" time="1.681"/>
  <testcase classname="com.parabank.tests.LoginTests" name="validLoginWithUppercasePassword" time="0.915"/>
  <testcase classname="com.parabank.tests.TransferTests" name="transferParameterized" time="1.306"/>
  <testcase classname="com.parabank.tests.LoanTests" name="applyMinimumLoanAmount" time="2.014"/>
  <testcase classname="com.parabank.tests.LoginTests" name="validLoginWithUppercaseUsername" time="1.188"/>
  <testcase classname="com.parabank.tests.LoanTests" name="applyValidLoan" time="1.739"/>
</testsuite> <!-- ParaBankTests -->
