<?xml version="1.0" encoding="UTF-8"?>
<testng-results ignored="0" total="30" passed="29" failed="1" skipped="0">
  <reporter-output>
  </reporter-output>
  <suite started-at="2025-09-08T10:47:48 IST" name="ParaBankSuite" finished-at="2025-09-08T10:48:46 IST" duration-ms="58507">
    <groups>
      <group name="negative">
        <method signature="TransferTests.transferInvalidAccounts()[pri:0, instance:com.parabank.tests.TransferTests@1fa121e2]" name="transferInvalidAccounts" class="com.parabank.tests.TransferTests"/>
        <method signature="TransferTests.transferNegativeAmount()[pri:0, instance:com.parabank.tests.TransferTests@1fa121e2]" name="transferNegativeAmount" class="com.parabank.tests.TransferTests"/>
      </group> <!-- negative -->
      <group name="fast">
        <method signature="TransferTests.transferParameterized(java.lang.String,java.lang.String,java.lang.String,boolean)[pri:0, instance:com.parabank.tests.TransferTests@1fa121e2]" name="transferParameterized" class="com.parabank.tests.TransferTests"/>
      </group> <!-- fast -->
      <group name="transfer">
        <method signature="TransferTests.transferInvalidAccounts()[pri:0, instance:com.parabank.tests.TransferTests@1fa121e2]" name="transferInvalidAccounts" class="com.parabank.tests.TransferTests"/>
        <method signature="TransferTests.transferNegativeAmount()[pri:0, instance:com.parabank.tests.TransferTests@1fa121e2]" name="transferNegativeAmount" class="com.parabank.tests.TransferTests"/>
        <method signature="TransferTests.transferParameterized(java.lang.String,java.lang.String,java.lang.String,boolean)[pri:0, instance:com.parabank.tests.TransferTests@1fa121e2]" name="transferParameterized" class="com.parabank.tests.TransferTests"/>
      </group> <!-- transfer -->
    </groups>
    <test started-at="2025-09-08T10:47:48 IST" name="ParaBankTests" finished-at="2025-09-08T10:48:46 IST" duration-ms="58507">
      <class name="com.parabank.tests.BalanceTests">
        <test-method is-config="true" signature="setUp(java.lang.String)[pri:0, instance:com.parabank.tests.BalanceTests@24aed80c]" started-at="2025-09-08T10:47:48 IST" name="setUp" finished-at="2025-09-08T10:47:57 IST" duration-ms="9215" status="PASS">
          <params>
            <param index="0">
              <value>
                <![CDATA[chrome]]>
              </value>
            </param>
          </params>
          <reporter-output>
          </reporter-output>
        </test-method> <!-- setUp -->
        <test-method signature="balanceAfterDeposit()[pri:0, instance:com.parabank.tests.BalanceTests@24aed80c]" started-at="2025-09-08T10:47:57 IST" name="balanceAfterDeposit" finished-at="2025-09-08T10:47:58 IST" duration-ms="1171" status="PASS">
          <reporter-output>
          </reporter-output>
        </test-method> <!-- balanceAfterDeposit -->
        <test-method is-config="true" signature="tearDown()[pri:0, instance:com.parabank.tests.BalanceTests@24aed80c]" started-at="2025-09-08T10:47:58 IST" name="tearDown" finished-at="2025-09-08T10:47:58 IST" duration-ms="317" status="PASS">
          <reporter-output>
          </reporter-output>
        </test-method> <!-- tearDown -->
      </class> <!-- com.parabank.tests.BalanceTests -->
      <class name="com.parabank.tests.LoginTests">
        <test-method is-config="true" signature="setUp(java.lang.String)[pri:0, instance:com.parabank.tests.LoginTests@34e9fd99]" started-at="2025-09-08T10:47:48 IST" name="setUp" finished-at="2025-09-08T10:47:57 IST" duration-ms="9176" status="PASS">
          <params>
            <param index="0">
              <value>
                <![CDATA[chrome]]>
              </value>
            </param>
          </params>
          <reporter-output>
          </reporter-output>
        </test-method> <!-- setUp -->
        <test-method signature="emptyCredentials()[pri:0, instance:com.parabank.tests.LoginTests@34e9fd99]" started-at="2025-09-08T10:47:57 IST" name="emptyCredentials" finished-at="2025-09-08T10:47:58 IST" duration-ms="869" status="PASS">
          <reporter-output>
          </reporter-output>
        </test-method> <!-- emptyCredentials -->
        <test-method is-config="true" signature="tearDown()[pri:0, instance:com.parabank.tests.LoginTests@34e9fd99]" started-at="2025-09-08T10:47:58 IST" name="tearDown" finished-at="2025-09-08T10:47:58 IST" duration-ms="288" status="PASS">
          <reporter-output>
          </reporter-output>
        </test-method> <!-- tearDown -->
        <test-method is-config="true" signature="setUp(java.lang.String)[pri:0, instance:com.parabank.tests.LoginTests@34e9fd99]" started-at="2025-09-08T10:47:58 IST" name="setUp" finished-at="2025-09-08T10:48:00 IST" duration-ms="1484" status="PASS">
          <params>
            <param index="0">
              <value>
                <![CDATA[chrome]]>
              </value>
            </param>
          </params>
          <reporter-output>
          </reporter-output>
        </test-method> <!-- setUp -->
        <test-method signature="invalidLoginWrongPassword()[pri:0, instance:com.parabank.tests.LoginTests@34e9fd99]" started-at="2025-09-08T10:48:00 IST" name="invalidLoginWrongPassword" finished-at="2025-09-08T10:48:02 IST" duration-ms="2942" status="PASS">
          <reporter-output>
          </reporter-output>
        </test-method> <!-- invalidLoginWrongPassword -->
        <test-method is-config="true" signature="tearDown()[pri:0, instance:com.parabank.tests.LoginTests@34e9fd99]" started-at="2025-09-08T10:48:02 IST" name="tearDown" finished-at="2025-09-08T10:48:03 IST" duration-ms="170" status="PASS">
          <reporter-output>
          </reporter-output>
        </test-method> <!-- tearDown -->
        <test-method is-config="true" signature="setUp(java.lang.String)[pri:0, instance:com.parabank.tests.LoginTests@34e9fd99]" started-at="2025-09-08T10:48:03 IST" name="setUp" finished-at="2025-09-08T10:48:06 IST" duration-ms="3326" status="PASS">
          <params>
            <param index="0">
              <value>
                <![CDATA[chrome]]>
              </value>
            </param>
          </params>
          <reporter-output>
          </reporter-output>
        </test-method> <!-- setUp -->
        <test-method signature="invalidLoginWrongUser()[pri:0, instance:com.parabank.tests.LoginTests@34e9fd99]" started-at="2025-09-08T10:48:06 IST" name="invalidLoginWrongUser" finished-at="2025-09-08T10:48:08 IST" duration-ms="2264" status="PASS">
          <reporter-output>
          </reporter-output>
        </test-method> <!-- invalidLoginWrongUser -->
        <test-method is-config="true" signature="tearDown()[pri:0, instance:com.parabank.tests.LoginTests@34e9fd99]" started-at="2025-09-08T10:48:08 IST" name="tearDown" finished-at="2025-09-08T10:48:09 IST" duration-ms="338" status="PASS">
          <reporter-output>
          </reporter-output>
        </test-method> <!-- tearDown -->
        <test-method is-config="true" signature="setUp(java.lang.String)[pri:0, instance:com.parabank.tests.LoginTests@34e9fd99]" started-at="2025-09-08T10:48:09 IST" name="setUp" finished-at="2025-09-08T10:48:10 IST" duration-ms="1164" status="PASS">
          <params>
            <param index="0">
              <value>
                <![CDATA[chrome]]>
              </value>
            </param>
          </params>
          <reporter-output>
          </reporter-output>
        </test-method> <!-- setUp -->
        <test-method signature="loginWithoutPassword()[pri:0, instance:com.parabank.tests.LoginTests@34e9fd99]" started-at="2025-09-08T10:48:10 IST" name="loginWithoutPassword" finished-at="2025-09-08T10:48:10 IST" duration-ms="3" status="FAIL">
          <exception class="java.lang.Error">
            <message>
              <![CDATA[Unresolved compilation problems: 
lp cannot be resolved
lp cannot be resolved
]]>
            </message>
            <full-stacktrace>
              <![CDATA[java.lang.Error: Unresolved compilation problems: 
lp cannot be resolved
lp cannot be resolved

at com.parabank.tests.LoginTests.loginWithoutPassword(LoginTests.java:70)
at java.base/jdk.internal.reflect.DirectMethodHandleAccessor.invoke(DirectMethodHandleAccessor.java:103)
at java.base/java.lang.reflect.Method.invoke(Method.java:580)
at org.testng.internal.invokers.MethodInvocationHelper.invokeMethod(MethodInvocationHelper.java:141)
at org.testng.internal.invokers.TestInvoker.invokeMethod(TestInvoker.java:686)
at org.testng.internal.invokers.TestInvoker.invokeTestMethod(TestInvoker.java:230)
at org.testng.internal.invokers.MethodRunner.runInSequence(MethodRunner.java:63)
at org.testng.internal.invokers.TestInvoker$MethodInvocationAgent.invoke(TestInvoker.java:992)
at org.testng.internal.invokers.TestInvoker.invokeTestMethods(TestInvoker.java:203)
at org.testng.internal.invokers.TestMethodWorker.invokeTestMethods(TestMethodWorker.java:154)
at org.testng.internal.invokers.TestMethodWorker.run(TestMethodWorker.java:134)
at java.base/java.util.concurrent.Executors$RunnableAdapter.call(Executors.java:572)
at java.base/java.util.concurrent.FutureTask.run(FutureTask.java:317)
at org.testng.internal.thread.graph.TestNGFutureTask.run(TestNGFutureTask.java:22)
at java.base/java.util.concurrent.ThreadPoolExecutor.runWorker(ThreadPoolExecutor.java:1144)
at java.base/java.util.concurrent.ThreadPoolExecutor$Worker.run(ThreadPoolExecutor.java:642)
at java.base/java.lang.Thread.run(Thread.java:1583)
]]>
            </full-stacktrace>
          </exception> <!-- java.lang.Error -->
          <reporter-output>
          </reporter-output>
        </test-method> <!-- loginWithoutPassword -->
        <test-method is-config="true" signature="tearDown()[pri:0, instance:com.parabank.tests.LoginTests@34e9fd99]" started-at="2025-09-08T10:48:10 IST" name="tearDown" finished-at="2025-09-08T10:48:10 IST" duration-ms="242" status="PASS">
          <reporter-output>
          </reporter-output>
        </test-method> <!-- tearDown -->
        <test-method is-config="true" signature="setUp(java.lang.String)[pri:0, instance:com.parabank.tests.LoginTests@34e9fd99]" started-at="2025-09-08T10:48:10 IST" name="setUp" finished-at="2025-09-08T10:48:12 IST" duration-ms="2398" status="PASS">
          <params>
            <param index="0">
              <value>
                <![CDATA[chrome]]>
              </value>
            </param>
          </params>
          <reporter-output>
          </reporter-output>
        </test-method> <!-- setUp -->
        <test-method signature="loginWithoutUsername()[pri:0, instance:com.parabank.tests.LoginTests@34e9fd99]" started-at="2025-09-08T10:48:12 IST" name="loginWithoutUsername" finished-at="2025-09-08T10:48:14 IST" duration-ms="1174" status="PASS">
          <reporter-output>
          </reporter-output>
        </test-method> <!-- loginWithoutUsername -->
        <test-method is-config="true" signature="tearDown()[pri:0, instance:com.parabank.tests.LoginTests@34e9fd99]" started-at="2025-09-08T10:48:14 IST" name="tearDown" finished-at="2025-09-08T10:48:14 IST" duration-ms="283" status="PASS">
          <reporter-output>
          </reporter-output>
        </test-method> <!-- tearDown -->
        <test-method is-config="true" signature="setUp(java.lang.String)[pri:0, instance:com.parabank.tests.LoginTests@34e9fd99]" started-at="2025-09-08T10:48:14 IST" name="setUp" finished-at="2025-09-08T10:48:17 IST" duration-ms="3292" status="PASS">
          <params>
            <param index="0">
              <value>
                <![CDATA[chrome]]>
              </value>
            </param>
          </params>
          <reporter-output>
          </reporter-output>
        </test-method> <!-- setUp -->
        <test-method signature="logoutAfterLogin()[pri:0, instance:com.parabank.tests.LoginTests@34e9fd99]" started-at="2025-09-08T10:48:17 IST" name="logoutAfterLogin" finished-at="2025-09-08T10:48:19 IST" duration-ms="2067" status="PASS">
          <reporter-output>
          </reporter-output>
        </test-method> <!-- logoutAfterLogin -->
        <test-method is-config="true" signature="tearDown()[pri:0, instance:com.parabank.tests.LoginTests@34e9fd99]" started-at="2025-09-08T10:48:19 IST" name="tearDown" finished-at="2025-09-08T10:48:19 IST" duration-ms="226" status="PASS">
          <reporter-output>
          </reporter-output>
        </test-method> <!-- tearDown -->
        <test-method is-config="true" signature="setUp(java.lang.String)[pri:0, instance:com.parabank.tests.LoginTests@34e9fd99]" started-at="2025-09-08T10:48:19 IST" name="setUp" finished-at="2025-09-08T10:48:21 IST" duration-ms="1319" status="PASS">
          <params>
            <param index="0">
              <value>
                <![CDATA[chrome]]>
              </value>
            </param>
          </params>
          <reporter-output>
          </reporter-output>
        </test-method> <!-- setUp -->
        <test-method signature="multipleInvalidAttempts()[pri:0, instance:com.parabank.tests.LoginTests@34e9fd99]" started-at="2025-09-08T10:48:21 IST" name="multipleInvalidAttempts" finished-at="2025-09-08T10:48:25 IST" duration-ms="4561" status="PASS">
          <reporter-output>
          </reporter-output>
        </test-method> <!-- multipleInvalidAttempts -->
        <test-method is-config="true" signature="tearDown()[pri:0, instance:com.parabank.tests.LoginTests@34e9fd99]" started-at="2025-09-08T10:48:25 IST" name="tearDown" finished-at="2025-09-08T10:48:25 IST" duration-ms="158" status="PASS">
          <reporter-output>
          </reporter-output>
        </test-method> <!-- tearDown -->
        <test-method is-config="true" signature="setUp(java.lang.String)[pri:0, instance:com.parabank.tests.LoginTests@34e9fd99]" started-at="2025-09-08T10:48:25 IST" name="setUp" finished-at="2025-09-08T10:48:27 IST" duration-ms="1627" status="PASS">
          <params>
            <param index="0">
              <value>
                <![CDATA[chrome]]>
              </value>
            </param>
          </params>
          <reporter-output>
          </reporter-output>
        </test-method> <!-- setUp -->
        <test-method signature="validLogin()[pri:0, instance:com.parabank.tests.LoginTests@34e9fd99]" started-at="2025-09-08T10:48:27 IST" name="validLogin" finished-at="2025-09-08T10:48:30 IST" duration-ms="2880" status="PASS">
          <reporter-output>
          </reporter-output>
        </test-method> <!-- validLogin -->
        <test-method is-config="true" signature="tearDown()[pri:0, instance:com.parabank.tests.LoginTests@34e9fd99]" started-at="2025-09-08T10:48:30 IST" name="tearDown" finished-at="2025-09-08T10:48:30 IST" duration-ms="177" status="PASS">
          <reporter-output>
          </reporter-output>
        </test-method> <!-- tearDown -->
        <test-method is-config="true" signature="setUp(java.lang.String)[pri:0, instance:com.parabank.tests.LoginTests@34e9fd99]" started-at="2025-09-08T10:48:30 IST" name="setUp" finished-at="2025-09-08T10:48:38 IST" duration-ms="7757" status="PASS">
          <params>
            <param index="0">
              <value>
                <![CDATA[chrome]]>
              </value>
            </param>
          </params>
          <reporter-output>
          </reporter-output>
        </test-method> <!-- setUp -->
        <test-method signature="validLoginWithUppercasePassword()[pri:0, instance:com.parabank.tests.LoginTests@34e9fd99]" started-at="2025-09-08T10:48:38 IST" name="validLoginWithUppercasePassword" finished-at="2025-09-08T10:48:39 IST" duration-ms="915" status="PASS">
          <reporter-output>
          </reporter-output>
        </test-method> <!-- validLoginWithUppercasePassword -->
        <test-method is-config="true" signature="tearDown()[pri:0, instance:com.parabank.tests.LoginTests@34e9fd99]" started-at="2025-09-08T10:48:39 IST" name="tearDown" finished-at="2025-09-08T10:48:39 IST" duration-ms="158" status="PASS">
          <reporter-output>
          </reporter-output>
        </test-method> <!-- tearDown -->
        <test-method is-config="true" signature="setUp(java.lang.String)[pri:0, instance:com.parabank.tests.LoginTests@34e9fd99]" started-at="2025-09-08T10:48:39 IST" name="setUp" finished-at="2025-09-08T10:48:42 IST" duration-ms="2693" status="PASS">
          <params>
            <param index="0">
              <value>
                <![CDATA[chrome]]>
              </value>
            </param>
          </params>
          <reporter-output>
          </reporter-output>
        </test-method> <!-- setUp -->
        <test-method signature="validLoginWithUppercaseUsername()[pri:0, instance:com.parabank.tests.LoginTests@34e9fd99]" started-at="2025-09-08T10:48:42 IST" name="validLoginWithUppercaseUsername" finished-at="2025-09-08T10:48:43 IST" duration-ms="1188" status="PASS">
          <reporter-output>
          </reporter-output>
        </test-method> <!-- validLoginWithUppercaseUsername -->
        <test-method is-config="true" signature="tearDown()[pri:0, instance:com.parabank.tests.LoginTests@34e9fd99]" started-at="2025-09-08T10:48:43 IST" name="tearDown" finished-at="2025-09-08T10:48:43 IST" duration-ms="143" status="PASS">
          <reporter-output>
          </reporter-output>
        </test-method> <!-- tearDown -->
      </class> <!-- com.parabank.tests.LoginTests -->
      <class name="com.parabank.tests.TransactionTests">
        <test-method is-config="true" signature="setUp(java.lang.String)[pri:0, instance:com.parabank.tests.TransactionTests@2aceadd4]" started-at="2025-09-08T10:47:48 IST" name="setUp" finished-at="2025-09-08T10:47:54 IST" duration-ms="6453" status="PASS">
          <params>
            <param index="0">
              <value>
                <![CDATA[chrome]]>
              </value>
            </param>
          </params>
          <reporter-output>
          </reporter-output>
        </test-method> <!-- setUp -->
        <test-method signature="recentTransferAppearsInHistory()[pri:0, instance:com.parabank.tests.TransactionTests@2aceadd4]" started-at="2025-09-08T10:47:54 IST" name="recentTransferAppearsInHistory" finished-at="2025-09-08T10:47:59 IST" duration-ms="5178" status="PASS">
          <reporter-output>
          </reporter-output>
        </test-method> <!-- recentTransferAppearsInHistory -->
        <test-method is-config="true" signature="tearDown()[pri:0, instance:com.parabank.tests.TransactionTests@2aceadd4]" started-at="2025-09-08T10:47:59 IST" name="tearDown" finished-at="2025-09-08T10:48:00 IST" duration-ms="377" status="PASS">
          <reporter-output>
          </reporter-output>
        </test-method> <!-- tearDown -->
        <test-method is-config="true" signature="setUp(java.lang.String)[pri:0, instance:com.parabank.tests.TransactionTests@2aceadd4]" started-at="2025-09-08T10:48:00 IST" name="setUp" finished-at="2025-09-08T10:48:04 IST" duration-ms="4205" status="PASS">
          <params>
            <param index="0">
              <value>
                <![CDATA[chrome]]>
              </value>
            </param>
          </params>
          <reporter-output>
          </reporter-output>
        </test-method> <!-- setUp -->
        <test-method signature="searchByAmount()[pri:0, instance:com.parabank.tests.TransactionTests@2aceadd4]" started-at="2025-09-08T10:48:04 IST" name="searchByAmount" finished-at="2025-09-08T10:48:07 IST" duration-ms="2655" status="PASS">
          <reporter-output>
          </reporter-output>
        </test-method> <!-- searchByAmount -->
        <test-method is-config="true" signature="tearDown()[pri:0, instance:com.parabank.tests.TransactionTests@2aceadd4]" started-at="2025-09-08T10:48:07 IST" name="tearDown" finished-at="2025-09-08T10:48:07 IST" duration-ms="435" status="PASS">
          <reporter-output>
          </reporter-output>
        </test-method> <!-- tearDown -->
        <test-method is-config="true" signature="setUp(java.lang.String)[pri:0, instance:com.parabank.tests.TransactionTests@2aceadd4]" started-at="2025-09-08T10:48:07 IST" name="setUp" finished-at="2025-09-08T10:48:10 IST" duration-ms="3324" status="PASS">
          <params>
            <param index="0">
              <value>
                <![CDATA[chrome]]>
              </value>
            </param>
          </params>
          <reporter-output>
          </reporter-output>
        </test-method> <!-- setUp -->
        <test-method signature="searchByDate()[pri:0, instance:com.parabank.tests.TransactionTests@2aceadd4]" started-at="2025-09-08T10:48:10 IST" name="searchByDate" finished-at="2025-09-08T10:48:13 IST" duration-ms="2805" status="PASS">
          <reporter-output>
          </reporter-output>
        </test-method> <!-- searchByDate -->
        <test-method is-config="true" signature="tearDown()[pri:0, instance:com.parabank.tests.TransactionTests@2aceadd4]" started-at="2025-09-08T10:48:13 IST" name="tearDown" finished-at="2025-09-08T10:48:14 IST" duration-ms="707" status="PASS">
          <reporter-output>
          </reporter-output>
        </test-method> <!-- tearDown -->
      </class> <!-- com.parabank.tests.TransactionTests -->
      <class name="com.parabank.tests.TransferTests">
        <test-method is-config="true" signature="setUp(java.lang.String)[pri:0, instance:com.parabank.tests.TransferTests@1fa121e2]" started-at="2025-09-08T10:47:48 IST" name="setUp" finished-at="2025-09-08T10:47:56 IST" duration-ms="8516" status="PASS">
          <params>
            <param index="0">
              <value>
                <![CDATA[chrome]]>
              </value>
            </param>
          </params>
          <reporter-output>
          </reporter-output>
        </test-method> <!-- setUp -->
        <test-method is-config="true" signature="ensureLoggedIn()[pri:0, instance:com.parabank.tests.TransferTests@1fa121e2]" started-at="2025-09-08T10:47:56 IST" name="ensureLoggedIn" finished-at="2025-09-08T10:47:58 IST" duration-ms="1497" status="PASS">
          <reporter-output>
          </reporter-output>
        </test-method> <!-- ensureLoggedIn -->
        <test-method signature="transferInvalidAccounts()[pri:0, instance:com.parabank.tests.TransferTests@1fa121e2]" started-at="2025-09-08T10:47:58 IST" name="transferInvalidAccounts" description="Invalid account transfer should show an error" finished-at="2025-09-08T10:47:59 IST" duration-ms="1734" status="PASS">
          <reporter-output>
          </reporter-output>
        </test-method> <!-- transferInvalidAccounts -->
        <test-method is-config="true" signature="tearDown()[pri:0, instance:com.parabank.tests.TransferTests@1fa121e2]" started-at="2025-09-08T10:47:59 IST" name="tearDown" finished-at="2025-09-08T10:48:00 IST" duration-ms="311" status="PASS">
          <reporter-output>
          </reporter-output>
        </test-method> <!-- tearDown -->
        <test-method is-config="true" signature="setUp(java.lang.String)[pri:0, instance:com.parabank.tests.TransferTests@1fa121e2]" started-at="2025-09-08T10:48:00 IST" name="setUp" finished-at="2025-09-08T10:48:04 IST" duration-ms="3874" status="PASS">
          <params>
            <param index="0">
              <value>
                <![CDATA[chrome]]>
              </value>
            </param>
          </params>
          <reporter-output>
          </reporter-output>
        </test-method> <!-- setUp -->
        <test-method is-config="true" signature="ensureLoggedIn()[pri:0, instance:com.parabank.tests.TransferTests@1fa121e2]" started-at="2025-09-08T10:48:04 IST" name="ensureLoggedIn" finished-at="2025-09-08T10:48:05 IST" duration-ms="1373" status="PASS">
          <reporter-output>
          </reporter-output>
        </test-method> <!-- ensureLoggedIn -->
        <test-method signature="transferNegativeAmount()[pri:0, instance:com.parabank.tests.TransferTests@1fa121e2]" started-at="2025-09-08T10:48:05 IST" name="transferNegativeAmount" description="Negative-amount transfer explicitly validated" finished-at="2025-09-08T10:48:06 IST" duration-ms="978" status="PASS">
          <reporter-output>
          </reporter-output>
        </test-method> <!-- transferNegativeAmount -->
        <test-method is-config="true" signature="tearDown()[pri:0, instance:com.parabank.tests.TransferTests@1fa121e2]" started-at="2025-09-08T10:48:06 IST" name="tearDown" finished-at="2025-09-08T10:48:07 IST" duration-ms="556" status="PASS">
          <reporter-output>
          </reporter-output>
        </test-method> <!-- tearDown -->
        <test-method is-config="true" signature="setUp(java.lang.String)[pri:0, instance:com.parabank.tests.TransferTests@1fa121e2]" started-at="2025-09-08T10:48:07 IST" name="setUp" finished-at="2025-09-08T10:48:08 IST" duration-ms="1438" status="PASS">
          <params>
            <param index="0">
              <value>
                <![CDATA[chrome]]>
              </value>
            </param>
          </params>
          <reporter-output>
          </reporter-output>
        </test-method> <!-- setUp -->
        <test-method is-config="true" signature="ensureLoggedIn()[pri:0, instance:com.parabank.tests.TransferTests@1fa121e2]" started-at="2025-09-08T10:48:08 IST" name="ensureLoggedIn" finished-at="2025-09-08T10:48:11 IST" duration-ms="3093" status="PASS">
          <reporter-output>
          </reporter-output>
        </test-method> <!-- ensureLoggedIn -->
        <test-method signature="transferParameterized(java.lang.String,java.lang.String,java.lang.String,boolean)[pri:0, instance:com.parabank.tests.TransferTests@1fa121e2]" started-at="2025-09-08T10:48:11 IST" name="transferParameterized" description="Parameterized transfer scenarios" data-provider="transferScenarios" finished-at="2025-09-08T10:48:13 IST" duration-ms="2159" status="PASS">
          <params>
            <param index="0">
              <value>
                <![CDATA[12345]]>
              </value>
            </param>
            <param index="1">
              <value>
                <![CDATA[12346]]>
              </value>
            </param>
            <param index="2">
              <value>
                <![CDATA[10]]>
              </value>
            </param>
            <param index="3">
              <value>
                <![CDATA[true]]>
              </value>
            </param>
          </params>
          <reporter-output>
          </reporter-output>
        </test-method> <!-- transferParameterized -->
        <test-method is-config="true" signature="tearDown()[pri:0, instance:com.parabank.tests.TransferTests@1fa121e2]" started-at="2025-09-08T10:48:13 IST" name="tearDown" finished-at="2025-09-08T10:48:14 IST" duration-ms="583" status="PASS">
          <reporter-output>
          </reporter-output>
        </test-method> <!-- tearDown -->
        <test-method is-config="true" signature="setUp(java.lang.String)[pri:0, instance:com.parabank.tests.TransferTests@1fa121e2]" started-at="2025-09-08T10:48:14 IST" name="setUp" finished-at="2025-09-08T10:48:15 IST" duration-ms="1639" status="PASS">
          <params>
            <param index="0">
              <value>
                <![CDATA[chrome]]>
              </value>
            </param>
          </params>
          <reporter-output>
          </reporter-output>
        </test-method> <!-- setUp -->
        <test-method is-config="true" signature="ensureLoggedIn()[pri:0, instance:com.parabank.tests.TransferTests@1fa121e2]" started-at="2025-09-08T10:48:15 IST" name="ensureLoggedIn" finished-at="2025-09-08T10:48:18 IST" duration-ms="2968" status="PASS">
          <reporter-output>
          </reporter-output>
        </test-method> <!-- ensureLoggedIn -->
        <test-method signature="transferParameterized(java.lang.String,java.lang.String,java.lang.String,boolean)[pri:0, instance:com.parabank.tests.TransferTests@1fa121e2]" started-at="2025-09-08T10:48:18 IST" name="transferParameterized" description="Parameterized transfer scenarios" data-provider="transferScenarios" finished-at="2025-09-08T10:48:20 IST" duration-ms="1211" status="PASS">
          <params>
            <param index="0">
              <value>
                <![CDATA[12345]]>
              </value>
            </param>
            <param index="1">
              <value>
                <![CDATA[12346]]>
              </value>
            </param>
            <param index="2">
              <value>
                <![CDATA[1]]>
              </value>
            </param>
            <param index="3">
              <value>
                <![CDATA[true]]>
              </value>
            </param>
          </params>
          <reporter-output>
          </reporter-output>
        </test-method> <!-- transferParameterized -->
        <test-method is-config="true" signature="tearDown()[pri:0, instance:com.parabank.tests.TransferTests@1fa121e2]" started-at="2025-09-08T10:48:20 IST" name="tearDown" finished-at="2025-09-08T10:48:20 IST" duration-ms="449" status="PASS">
          <reporter-output>
          </reporter-output>
        </test-method> <!-- tearDown -->
        <test-method is-config="true" signature="setUp(java.lang.String)[pri:0, instance:com.parabank.tests.TransferTests@1fa121e2]" started-at="2025-09-08T10:48:20 IST" name="setUp" finished-at="2025-09-08T10:48:23 IST" duration-ms="2871" status="PASS">
          <params>
            <param index="0">
              <value>
                <![CDATA[chrome]]>
              </value>
            </param>
          </params>
          <reporter-output>
          </reporter-output>
        </test-method> <!-- setUp -->
        <test-method is-config="true" signature="ensureLoggedIn()[pri:0, instance:com.parabank.tests.TransferTests@1fa121e2]" started-at="2025-09-08T10:48:23 IST" name="ensureLoggedIn" finished-at="2025-09-08T10:48:24 IST" duration-ms="1465" status="PASS">
          <reporter-output>
          </reporter-output>
        </test-method> <!-- ensureLoggedIn -->
        <test-method signature="transferParameterized(java.lang.String,java.lang.String,java.lang.String,boolean)[pri:0, instance:com.parabank.tests.TransferTests@1fa121e2]" started-at="2025-09-08T10:48:24 IST" name="transferParameterized" description="Parameterized transfer scenarios" data-provider="transferScenarios" finished-at="2025-09-08T10:48:26 IST" duration-ms="1100" status="PASS">
          <params>
            <param index="0">
              <value>
                <![CDATA[00000]]>
              </value>
            </param>
            <param index="1">
              <value>
                <![CDATA[99999]]>
              </value>
            </param>
            <param index="2">
              <value>
                <![CDATA[10]]>
              </value>
            </param>
            <param index="3">
              <value>
                <![CDATA[false]]>
              </value>
            </param>
          </params>
          <reporter-output>
          </reporter-output>
        </test-method> <!-- transferParameterized -->
        <test-method is-config="true" signature="tearDown()[pri:0, instance:com.parabank.tests.TransferTests@1fa121e2]" started-at="2025-09-08T10:48:26 IST" name="tearDown" finished-at="2025-09-08T10:48:26 IST" duration-ms="176" status="PASS">
          <reporter-output>
          </reporter-output>
        </test-method> <!-- tearDown -->
        <test-method is-config="true" signature="setUp(java.lang.String)[pri:0, instance:com.parabank.tests.TransferTests@1fa121e2]" started-at="2025-09-08T10:48:26 IST" name="setUp" finished-at="2025-09-08T10:48:27 IST" duration-ms="1497" status="PASS">
          <params>
            <param index="0">
              <value>
                <![CDATA[chrome]]>
              </value>
            </param>
          </params>
          <reporter-output>
          </reporter-output>
        </test-method> <!-- setUp -->
        <test-method is-config="true" signature="ensureLoggedIn()[pri:0, instance:com.parabank.tests.TransferTests@1fa121e2]" started-at="2025-09-08T10:48:27 IST" name="ensureLoggedIn" finished-at="2025-09-08T10:48:30 IST" duration-ms="2862" status="PASS">
          <reporter-output>
          </reporter-output>
        </test-method> <!-- ensureLoggedIn -->
        <test-method signature="transferParameterized(java.lang.String,java.lang.String,java.lang.String,boolean)[pri:0, instance:com.parabank.tests.TransferTests@1fa121e2]" started-at="2025-09-08T10:48:30 IST" name="transferParameterized" description="Parameterized transfer scenarios" data-provider="transferScenarios" finished-at="2025-09-08T10:48:31 IST" duration-ms="1367" status="PASS">
          <params>
            <param index="0">
              <value>
                <![CDATA[12345]]>
              </value>
            </param>
            <param index="1">
              <value>
                <![CDATA[12346]]>
              </value>
            </param>
            <param index="2">
              <value>
                <![CDATA[-10]]>
              </value>
            </param>
            <param index="3">
              <value>
                <![CDATA[false]]>
              </value>
            </param>
          </params>
          <reporter-output>
          </reporter-output>
        </test-method> <!-- transferParameterized -->
        <test-method is-config="true" signature="tearDown()[pri:0, instance:com.parabank.tests.TransferTests@1fa121e2]" started-at="2025-09-08T10:48:31 IST" name="tearDown" finished-at="2025-09-08T10:48:32 IST" duration-ms="132" status="PASS">
          <reporter-output>
          </reporter-output>
        </test-method> <!-- tearDown -->
        <test-method is-config="true" signature="setUp(java.lang.String)[pri:0, instance:com.parabank.tests.TransferTests@1fa121e2]" started-at="2025-09-08T10:48:32 IST" name="setUp" finished-at="2025-09-08T10:48:37 IST" duration-ms="5307" status="PASS">
          <params>
            <param index="0">
              <value>
                <![CDATA[chrome]]>
              </value>
            </param>
          </params>
          <reporter-output>
          </reporter-output>
        </test-method> <!-- setUp -->
        <test-method is-config="true" signature="ensureLoggedIn()[pri:0, instance:com.parabank.tests.TransferTests@1fa121e2]" started-at="2025-09-08T10:48:37 IST" name="ensureLoggedIn" finished-at="2025-09-08T10:48:38 IST" duration-ms="1571" status="PASS">
          <reporter-output>
          </reporter-output>
        </test-method> <!-- ensureLoggedIn -->
        <test-method signature="transferParameterized(java.lang.String,java.lang.String,java.lang.String,boolean)[pri:0, instance:com.parabank.tests.TransferTests@1fa121e2]" started-at="2025-09-08T10:48:38 IST" name="transferParameterized" description="Parameterized transfer scenarios" data-provider="transferScenarios" finished-at="2025-09-08T10:48:40 IST" duration-ms="1306" status="PASS">
          <params>
            <param index="0">
              <value>
                <![CDATA[12345]]>
              </value>
            </param>
            <param index="1">
              <value>
                <![CDATA[12346]]>
              </value>
            </param>
            <param index="2">
              <value>
                <![CDATA[99999999]]>
              </value>
            </param>
            <param index="3">
              <value>
                <![CDATA[false]]>
              </value>
            </param>
          </params>
          <reporter-output>
          </reporter-output>
        </test-method> <!-- transferParameterized -->
        <test-method is-config="true" signature="tearDown()[pri:0, instance:com.parabank.tests.TransferTests@1fa121e2]" started-at="2025-09-08T10:48:40 IST" name="tearDown" finished-at="2025-09-08T10:48:40 IST" duration-ms="245" status="PASS">
          <reporter-output>
          </reporter-output>
        </test-method> <!-- tearDown -->
      </class> <!-- com.parabank.tests.TransferTests -->
      <class name="com.parabank.tests.LoanTests">
        <test-method is-config="true" signature="setUp(java.lang.String)[pri:0, instance:com.parabank.tests.LoanTests@3a52dba3]" started-at="2025-09-08T10:47:48 IST" name="setUp" finished-at="2025-09-08T10:47:56 IST" duration-ms="8589" status="PASS">
          <params>
            <param index="0">
              <value>
                <![CDATA[chrome]]>
              </value>
            </param>
          </params>
          <reporter-output>
          </reporter-output>
        </test-method> <!-- setUp -->
        <test-method signature="applyLoanDownPaymentGreaterThanAmount()[pri:0, instance:com.parabank.tests.LoanTests@3a52dba3]" started-at="2025-09-08T10:47:56 IST" name="applyLoanDownPaymentGreaterThanAmount" finished-at="2025-09-08T10:47:59 IST" duration-ms="2962" status="PASS">
          <reporter-output>
          </reporter-output>
        </test-method> <!-- applyLoanDownPaymentGreaterThanAmount -->
        <test-method is-config="true" signature="tearDown()[pri:0, instance:com.parabank.tests.LoanTests@3a52dba3]" started-at="2025-09-08T10:47:59 IST" name="tearDown" finished-at="2025-09-08T10:48:00 IST" duration-ms="442" status="PASS">
          <reporter-output>
          </reporter-output>
        </test-method> <!-- tearDown -->
        <test-method is-config="true" signature="setUp(java.lang.String)[pri:0, instance:com.parabank.tests.LoanTests@3a52dba3]" started-at="2025-09-08T10:48:00 IST" name="setUp" finished-at="2025-09-08T10:48:03 IST" duration-ms="3749" status="PASS">
          <params>
            <param index="0">
              <value>
                <![CDATA[chrome]]>
              </value>
            </param>
          </params>
          <reporter-output>
          </reporter-output>
        </test-method> <!-- setUp -->
        <test-method signature="applyLoanEmptyFields()[pri:0, instance:com.parabank.tests.LoanTests@3a52dba3]" started-at="2025-09-08T10:48:03 IST" name="applyLoanEmptyFields" finished-at="2025-09-08T10:48:06 IST" duration-ms="2144" status="PASS">
          <reporter-output>
          </reporter-output>
        </test-method> <!-- applyLoanEmptyFields -->
        <test-method is-config="true" signature="tearDown()[pri:0, instance:com.parabank.tests.LoanTests@3a52dba3]" started-at="2025-09-08T10:48:06 IST" name="tearDown" finished-at="2025-09-08T10:48:06 IST" duration-ms="156" status="PASS">
          <reporter-output>
          </reporter-output>
        </test-method> <!-- tearDown -->
        <test-method is-config="true" signature="setUp(java.lang.String)[pri:0, instance:com.parabank.tests.LoanTests@3a52dba3]" started-at="2025-09-08T10:48:06 IST" name="setUp" finished-at="2025-09-08T10:48:09 IST" duration-ms="2966" status="PASS">
          <params>
            <param index="0">
              <value>
                <![CDATA[chrome]]>
              </value>
            </param>
          </params>
          <reporter-output>
          </reporter-output>
        </test-method> <!-- setUp -->
        <test-method signature="applyLoanExceedingBalance()[pri:0, instance:com.parabank.tests.LoanTests@3a52dba3]" started-at="2025-09-08T10:48:09 IST" name="applyLoanExceedingBalance" finished-at="2025-09-08T10:48:12 IST" duration-ms="3282" status="PASS">
          <reporter-output>
          </reporter-output>
        </test-method> <!-- applyLoanExceedingBalance -->
        <test-method is-config="true" signature="tearDown()[pri:0, instance:com.parabank.tests.LoanTests@3a52dba3]" started-at="2025-09-08T10:48:12 IST" name="tearDown" finished-at="2025-09-08T10:48:12 IST" duration-ms="386" status="PASS">
          <reporter-output>
          </reporter-output>
        </test-method> <!-- tearDown -->
        <test-method is-config="true" signature="setUp(java.lang.String)[pri:0, instance:com.parabank.tests.LoanTests@3a52dba3]" started-at="2025-09-08T10:48:12 IST" name="setUp" finished-at="2025-09-08T10:48:15 IST" duration-ms="3012" status="PASS">
          <params>
            <param index="0">
              <value>
                <![CDATA[chrome]]>
              </value>
            </param>
          </params>
          <reporter-output>
          </reporter-output>
        </test-method> <!-- setUp -->
        <test-method signature="applyLoanInvalidInput()[pri:0, instance:com.parabank.tests.LoanTests@3a52dba3]" started-at="2025-09-08T10:48:15 IST" name="applyLoanInvalidInput" finished-at="2025-09-08T10:48:17 IST" duration-ms="2006" status="PASS">
          <reporter-output>
          </reporter-output>
        </test-method> <!-- applyLoanInvalidInput -->
        <test-method is-config="true" signature="tearDown()[pri:0, instance:com.parabank.tests.LoanTests@3a52dba3]" started-at="2025-09-08T10:48:17 IST" name="tearDown" finished-at="2025-09-08T10:48:18 IST" duration-ms="121" status="PASS">
          <reporter-output>
          </reporter-output>
        </test-method> <!-- tearDown -->
        <test-method is-config="true" signature="setUp(java.lang.String)[pri:0, instance:com.parabank.tests.LoanTests@3a52dba3]" started-at="2025-09-08T10:48:18 IST" name="setUp" finished-at="2025-09-08T10:48:20 IST" duration-ms="2783" status="PASS">
          <params>
            <param index="0">
              <value>
                <![CDATA[chrome]]>
              </value>
            </param>
          </params>
          <reporter-output>
          </reporter-output>
        </test-method> <!-- setUp -->
        <test-method signature="applyLoanMultipleLoansLimit()[pri:0, instance:com.parabank.tests.LoanTests@3a52dba3]" started-at="2025-09-08T10:48:20 IST" name="applyLoanMultipleLoansLimit" finished-at="2025-09-08T10:48:24 IST" duration-ms="3216" status="PASS">
          <reporter-output>
          </reporter-output>
        </test-method> <!-- applyLoanMultipleLoansLimit -->
        <test-method is-config="true" signature="tearDown()[pri:0, instance:com.parabank.tests.LoanTests@3a52dba3]" started-at="2025-09-08T10:48:24 IST" name="tearDown" finished-at="2025-09-08T10:48:24 IST" duration-ms="132" status="PASS">
          <reporter-output>
          </reporter-output>
        </test-method> <!-- tearDown -->
        <test-method is-config="true" signature="setUp(java.lang.String)[pri:0, instance:com.parabank.tests.LoanTests@3a52dba3]" started-at="2025-09-08T10:48:24 IST" name="setUp" finished-at="2025-09-08T10:48:26 IST" duration-ms="2822" status="PASS">
          <params>
            <param index="0">
              <value>
                <![CDATA[chrome]]>
              </value>
            </param>
          </params>
          <reporter-output>
          </reporter-output>
        </test-method> <!-- setUp -->
        <test-method signature="applyLoanZeroDownPayment()[pri:0, instance:com.parabank.tests.LoanTests@3a52dba3]" started-at="2025-09-08T10:48:26 IST" name="applyLoanZeroDownPayment" finished-at="2025-09-08T10:48:29 IST" duration-ms="2329" status="PASS">
          <reporter-output>
          </reporter-output>
        </test-method> <!-- applyLoanZeroDownPayment -->
        <test-method is-config="true" signature="tearDown()[pri:0, instance:com.parabank.tests.LoanTests@3a52dba3]" started-at="2025-09-08T10:48:29 IST" name="tearDown" finished-at="2025-09-08T10:48:29 IST" duration-ms="165" status="PASS">
          <reporter-output>
          </reporter-output>
        </test-method> <!-- tearDown -->
        <test-method is-config="true" signature="setUp(java.lang.String)[pri:0, instance:com.parabank.tests.LoanTests@3a52dba3]" started-at="2025-09-08T10:48:29 IST" name="setUp" finished-at="2025-09-08T10:48:35 IST" duration-ms="5972" status="PASS">
          <params>
            <param index="0">
              <value>
                <![CDATA[chrome]]>
              </value>
            </param>
          </params>
          <reporter-output>
          </reporter-output>
        </test-method> <!-- setUp -->
        <test-method signature="applyMaximumLoanAmount()[pri:0, instance:com.parabank.tests.LoanTests@3a52dba3]" started-at="2025-09-08T10:48:35 IST" name="applyMaximumLoanAmount" finished-at="2025-09-08T10:48:37 IST" duration-ms="1681" status="PASS">
          <reporter-output>
          </reporter-output>
        </test-method> <!-- applyMaximumLoanAmount -->
        <test-method is-config="true" signature="tearDown()[pri:0, instance:com.parabank.tests.LoanTests@3a52dba3]" started-at="2025-09-08T10:48:37 IST" name="tearDown" finished-at="2025-09-08T10:48:37 IST" duration-ms="138" status="PASS">
          <reporter-output>
          </reporter-output>
        </test-method> <!-- tearDown -->
        <test-method is-config="true" signature="setUp(java.lang.String)[pri:0, instance:com.parabank.tests.LoanTests@3a52dba3]" started-at="2025-09-08T10:48:37 IST" name="setUp" finished-at="2025-09-08T10:48:39 IST" duration-ms="2635" status="PASS">
          <params>
            <param index="0">
              <value>
                <![CDATA[chrome]]>
              </value>
            </param>
          </params>
          <reporter-output>
          </reporter-output>
        </test-method> <!-- setUp -->
        <test-method signature="applyMinimumLoanAmount()[pri:0, instance:com.parabank.tests.LoanTests@3a52dba3]" started-at="2025-09-08T10:48:39 IST" name="applyMinimumLoanAmount" finished-at="2025-09-08T10:48:41 IST" duration-ms="2014" status="PASS">
          <reporter-output>
          </reporter-output>
        </test-method> <!-- applyMinimumLoanAmount -->
        <test-method is-config="true" signature="tearDown()[pri:0, instance:com.parabank.tests.LoanTests@3a52dba3]" started-at="2025-09-08T10:48:41 IST" name="tearDown" finished-at="2025-09-08T10:48:42 IST" duration-ms="116" status="PASS">
          <reporter-output>
          </reporter-output>
        </test-method> <!-- tearDown -->
        <test-method is-config="true" signature="setUp(java.lang.String)[pri:0, instance:com.parabank.tests.LoanTests@3a52dba3]" started-at="2025-09-08T10:48:42 IST" name="setUp" finished-at="2025-09-08T10:48:44 IST" duration-ms="2753" status="PASS">
          <params>
            <param index="0">
              <value>
                <![CDATA[chrome]]>
              </value>
            </param>
          </params>
          <reporter-output>
          </reporter-output>
        </test-method> <!-- setUp -->
        <test-method signature="applyValidLoan()[pri:0, instance:com.parabank.tests.LoanTests@3a52dba3]" started-at="2025-09-08T10:48:44 IST" name="applyValidLoan" finished-at="2025-09-08T10:48:46 IST" duration-ms="1739" status="PASS">
          <reporter-output>
          </reporter-output>
        </test-method> <!-- applyValidLoan -->
        <test-method is-config="true" signature="tearDown()[pri:0, instance:com.parabank.tests.LoanTests@3a52dba3]" started-at="2025-09-08T10:48:46 IST" name="tearDown" finished-at="2025-09-08T10:48:46 IST" duration-ms="128" status="PASS">
          <reporter-output>
          </reporter-output>
        </test-method> <!-- tearDown -->
      </class> <!-- com.parabank.tests.LoanTests -->
    </test> <!-- ParaBankTests -->
  </suite> <!-- ParaBankSuite -->
</testng-results>
